<?xml version="1.0" encoding="UTF-8"?><testsuite errors="4" failures="0" name="Calculator" skipped="0" tests="4" time="0.3" timestamp="2019-04-22T19:17:45.725+01:00[Europe/London]"><testcase name="scenario Addition"><error message="Expected static method net.thucydides.core.steps.StepAnnotations.injectScenarioStepsInto(Ljava/lang/Object;Lnet/thucydides/core/steps/StepFactory;)V" type="java.lang.IncompatibleClassChangeError">Expected static method net.thucydides.core.steps.StepAnnotations.injectScenarioStepsInto(Ljava/lang/Object;Lnet/thucydides/core/steps/StepFactory;)V</error><system-err>Expected static method net.thucydides.core.steps.StepAnnotations.injectScenarioStepsInto(Ljava/lang/Object;Lnet/thucydides/core/steps/StepFactory;)V&#13;
</system-err></testcase><testcase name="scenario Subtraction"><error message="Expected static method net.thucydides.core.steps.StepAnnotations.injectScenarioStepsInto(Ljava/lang/Object;Lnet/thucydides/core/steps/StepFactory;)V" type="java.lang.IncompatibleClassChangeError">Expected static method net.thucydides.core.steps.StepAnnotations.injectScenarioStepsInto(Ljava/lang/Object;Lnet/thucydides/core/steps/StepFactory;)V</error><system-err>Expected static method net.thucydides.core.steps.StepAnnotations.injectScenarioStepsInto(Ljava/lang/Object;Lnet/thucydides/core/steps/StepFactory;)V&#13;
</system-err></testcase><testcase name="scenario Multiplication"><error message="Expected static method net.thucydides.core.steps.StepAnnotations.injectScenarioStepsInto(Ljava/lang/Object;Lnet/thucydides/core/steps/StepFactory;)V" type="java.lang.IncompatibleClassChangeError">Expected static method net.thucydides.core.steps.StepAnnotations.injectScenarioStepsInto(Ljava/lang/Object;Lnet/thucydides/core/steps/StepFactory;)V</error><system-err>Expected static method net.thucydides.core.steps.StepAnnotations.injectScenarioStepsInto(Ljava/lang/Object;Lnet/thucydides/core/steps/StepFactory;)V&#13;
</system-err></testcase><testcase name="scenario Division"><error message="Expected static method net.thucydides.core.steps.StepAnnotations.injectScenarioStepsInto(Ljava/lang/Object;Lnet/thucydides/core/steps/StepFactory;)V" type="java.lang.IncompatibleClassChangeError">Expected static method net.thucydides.core.steps.StepAnnotations.injectScenarioStepsInto(Ljava/lang/Object;Lnet/thucydides/core/steps/StepFactory;)V</error><system-err>Expected static method net.thucydides.core.steps.StepAnnotations.injectScenarioStepsInto(Ljava/lang/Object;Lnet/thucydides/core/steps/StepFactory;)V&#13;
</system-err></testcase></testsuite>